c:\notatki-pulpit\pulpit\systembank\smfl\x64\release\vc143.pdb
c:\notatki-pulpit\pulpit\systembank\smfl\x64\release\pracownik.obj
c:\notatki-pulpit\pulpit\systembank\smfl\x64\release\transakcje.obj
c:\notatki-pulpit\pulpit\systembank\smfl\x64\release\konto-osoba.obj
c:\notatki-pulpit\pulpit\systembank\smfl\x64\release\bank.obj
c:\notatki-pulpit\pulpit\systembank\smfl\x64\release\menu.obj
c:\notatki-pulpit\pulpit\systembank\smfl\x64\release\interfejs.obj
c:\notatki-pulpit\pulpit\systembank\smfl\x64\release\pracownik.ixx.ifc
c:\notatki-pulpit\pulpit\systembank\smfl\x64\release\pracownik.ixx.ifc.d.json
c:\notatki-pulpit\pulpit\systembank\smfl\x64\release\pracownik.ixx.obj
c:\notatki-pulpit\pulpit\systembank\x64\release\system-bankowy.exe
c:\notatki-pulpit\pulpit\systembank\smfl\x64\release\system-bankowy.ipdb
c:\notatki-pulpit\pulpit\systembank\x64\release\system-bankowy.pdb
c:\notatki-pulpit\pulpit\systembank\smfl\x64\release\system-bankowy.iobj
c:\notatki-pulpit\pulpit\systembank\smfl\x64\release\pracownik.ixx.module.json
c:\notatki-pulpit\pulpit\systembank\smfl\x64\release\system-bankowy.tlog\cl.command.1.tlog
c:\notatki-pulpit\pulpit\systembank\smfl\x64\release\system-bankowy.tlog\cl.read.1.tlog
c:\notatki-pulpit\pulpit\systembank\smfl\x64\release\system-bankowy.tlog\cl.write.1.tlog
c:\notatki-pulpit\pulpit\systembank\smfl\x64\release\system-bankowy.tlog\link.command.1.tlog
c:\notatki-pulpit\pulpit\systembank\smfl\x64\release\system-bankowy.tlog\link.read.1.tlog
c:\notatki-pulpit\pulpit\systembank\smfl\x64\release\system-bankowy.tlog\link.write.1.tlog
c:\notatki-pulpit\pulpit\systembank\smfl\x64\release\system-bankowy_md.tlog\cl.command.1.tlog
c:\notatki-pulpit\pulpit\systembank\smfl\x64\release\system-bankowy_md.tlog\microsoft.build.cpptasks.cl.read.1.tlog
c:\notatki-pulpit\pulpit\systembank\smfl\x64\release\system-bankowy_md.tlog\microsoft.build.cpptasks.cl.write.1.tlog
